0 info it worked if it ends with ok
1 verbose cli [ '/usr/bin/node', '/usr/bin/npm', 'install' ]
2 info using npm@3.5.2
3 info using node@v8.10.0
4 silly loadCurrentTree Starting
5 silly install loadCurrentTree
6 silly install readLocalPackageData
7 silly install normalizeTree
8 silly loadCurrentTree Finishing
9 silly loadIdealTree Starting
10 silly install loadIdealTree
11 silly cloneCurrentTree Starting
12 silly install cloneCurrentTreeToIdealTree
13 silly cloneCurrentTree Finishing
14 silly loadShrinkwrap Starting
15 silly install loadShrinkwrap
16 silly loadShrinkwrap Finishing
17 silly loadAllDepsIntoIdealTree Starting
18 silly install loadAllDepsIntoIdealTree
19 silly fetchNamedPackageData @emailjs/browser
20 silly mapToRegistry name @emailjs/browser
21 silly mapToRegistry scope (from package name) @emailjs
22 verbose mapToRegistry no registry URL found in name for scope @emailjs
23 silly mapToRegistry using default registry
24 silly mapToRegistry registry https://registry.npmjs.org/
25 silly mapToRegistry uri https://registry.npmjs.org/@emailjs%2fbrowser
26 silly fetchNamedPackageData @react-three/drei
27 silly mapToRegistry name @react-three/drei
28 silly mapToRegistry scope (from package name) @react-three
29 verbose mapToRegistry no registry URL found in name for scope @react-three
30 silly mapToRegistry using default registry
31 silly mapToRegistry registry https://registry.npmjs.org/
32 silly mapToRegistry uri https://registry.npmjs.org/@react-three%2fdrei
33 silly fetchNamedPackageData @react-three/fiber
34 silly mapToRegistry name @react-three/fiber
35 silly mapToRegistry scope (from package name) @react-three
36 verbose mapToRegistry no registry URL found in name for scope @react-three
37 silly mapToRegistry using default registry
38 silly mapToRegistry registry https://registry.npmjs.org/
39 silly mapToRegistry uri https://registry.npmjs.org/@react-three%2ffiber
40 silly fetchNamedPackageData framer-motion
41 silly mapToRegistry name framer-motion
42 silly mapToRegistry using default registry
43 silly mapToRegistry registry https://registry.npmjs.org/
44 silly mapToRegistry uri https://registry.npmjs.org/framer-motion
45 silly fetchNamedPackageData maath
46 silly mapToRegistry name maath
47 silly mapToRegistry using default registry
48 silly mapToRegistry registry https://registry.npmjs.org/
49 silly mapToRegistry uri https://registry.npmjs.org/maath
50 silly fetchNamedPackageData react
51 silly mapToRegistry name react
52 silly mapToRegistry using default registry
53 silly mapToRegistry registry https://registry.npmjs.org/
54 silly mapToRegistry uri https://registry.npmjs.org/react
55 silly fetchNamedPackageData react-dom
56 silly mapToRegistry name react-dom
57 silly mapToRegistry using default registry
58 silly mapToRegistry registry https://registry.npmjs.org/
59 silly mapToRegistry uri https://registry.npmjs.org/react-dom
60 silly fetchNamedPackageData react-router-dom
61 silly mapToRegistry name react-router-dom
62 silly mapToRegistry using default registry
63 silly mapToRegistry registry https://registry.npmjs.org/
64 silly mapToRegistry uri https://registry.npmjs.org/react-router-dom
65 silly fetchNamedPackageData react-tilt
66 silly mapToRegistry name react-tilt
67 silly mapToRegistry using default registry
68 silly mapToRegistry registry https://registry.npmjs.org/
69 silly mapToRegistry uri https://registry.npmjs.org/react-tilt
70 silly fetchNamedPackageData react-vertical-timeline-component
71 silly mapToRegistry name react-vertical-timeline-component
72 silly mapToRegistry using default registry
73 silly mapToRegistry registry https://registry.npmjs.org/
74 silly mapToRegistry uri https://registry.npmjs.org/react-vertical-timeline-component
75 silly fetchNamedPackageData three
76 silly mapToRegistry name three
77 silly mapToRegistry using default registry
78 silly mapToRegistry registry https://registry.npmjs.org/
79 silly mapToRegistry uri https://registry.npmjs.org/three
80 verbose request uri https://registry.npmjs.org/@react-three%2ffiber
81 verbose request no auth needed
82 info attempt registry request try #1 at 10:31:55 PM
83 verbose request id 0f659646acf22590
84 verbose etag W/"7313468c1ff9301b01defcf25b2e15af"
85 verbose lastModified Thu, 23 Feb 2023 15:52:07 GMT
86 http request GET https://registry.npmjs.org/@react-three%2ffiber
87 verbose request uri https://registry.npmjs.org/maath
88 verbose request no auth needed
89 info attempt registry request try #1 at 10:31:56 PM
90 verbose etag W/"c3a45df5abcfdac87fc3205632c002f8"
91 verbose lastModified Sat, 21 Jan 2023 11:55:12 GMT
92 http request GET https://registry.npmjs.org/maath
93 verbose request uri https://registry.npmjs.org/@emailjs%2fbrowser
94 verbose request no auth needed
95 info attempt registry request try #1 at 10:31:56 PM
96 verbose etag W/"2a21ad3afc35d46ac706b1210be6afbf"
97 verbose lastModified Fri, 25 Nov 2022 09:20:56 GMT
98 http request GET https://registry.npmjs.org/@emailjs%2fbrowser
99 verbose request uri https://registry.npmjs.org/react-vertical-timeline-component
100 verbose request no auth needed
101 info attempt registry request try #1 at 10:31:56 PM
102 verbose etag W/"b2ae135e09db2762c030fc822288ce81"
103 verbose lastModified Tue, 06 Dec 2022 14:15:58 GMT
104 http request GET https://registry.npmjs.org/react-vertical-timeline-component
105 verbose request uri https://registry.npmjs.org/react-router-dom
106 verbose request no auth needed
107 info attempt registry request try #1 at 10:31:56 PM
108 verbose etag W/"ee8304ade0ea70cf8788b4b2fd935f79"
109 verbose lastModified Mon, 27 Feb 2023 20:25:00 GMT
110 http request GET https://registry.npmjs.org/react-router-dom
111 verbose request uri https://registry.npmjs.org/@react-three%2fdrei
112 verbose request no auth needed
113 info attempt registry request try #1 at 10:31:56 PM
114 verbose etag W/"99d86501a6a3198428b5f1a4b6e3b308"
115 verbose lastModified Wed, 01 Mar 2023 11:11:18 GMT
116 http request GET https://registry.npmjs.org/@react-three%2fdrei
117 verbose request uri https://registry.npmjs.org/framer-motion
118 verbose request no auth needed
119 info attempt registry request try #1 at 10:31:56 PM
120 verbose etag W/"0987d38a1b905a68fb61919022c3c046"
121 verbose lastModified Tue, 28 Feb 2023 11:17:38 GMT
122 http request GET https://registry.npmjs.org/framer-motion
123 verbose request uri https://registry.npmjs.org/react
124 verbose request no auth needed
125 info attempt registry request try #1 at 10:31:56 PM
126 verbose etag W/"310f6c2372c3bb870602d859d124f31d"
127 verbose lastModified Fri, 03 Mar 2023 16:13:46 GMT
128 http request GET https://registry.npmjs.org/react
129 verbose request uri https://registry.npmjs.org/react-tilt
130 verbose request no auth needed
131 info attempt registry request try #1 at 10:31:56 PM
132 verbose etag W/"cf881e6dfd91e339b7c9cf6b87a3c5a7"
133 verbose lastModified Sun, 26 Jun 2022 08:37:53 GMT
134 http request GET https://registry.npmjs.org/react-tilt
135 verbose request uri https://registry.npmjs.org/three
136 verbose request no auth needed
137 info attempt registry request try #1 at 10:31:56 PM
138 verbose etag W/"b3915b0d001a70e3e3a36922b421d6c4"
139 verbose lastModified Mon, 27 Feb 2023 07:05:27 GMT
140 http request GET https://registry.npmjs.org/three
141 verbose request uri https://registry.npmjs.org/react-dom
142 verbose request no auth needed
143 info attempt registry request try #1 at 10:31:56 PM
144 verbose etag W/"d7f614cc2051d2b2ea97c41419204816"
145 verbose lastModified Fri, 03 Mar 2023 16:14:07 GMT
146 http request GET https://registry.npmjs.org/react-dom
147 http 304 https://registry.npmjs.org/react
148 verbose headers { date: 'Fri, 03 Mar 2023 17:01:56 GMT',
148 verbose headers   connection: 'keep-alive',
148 verbose headers   'cf-ray': '7a2371be9ebc6efb-BOM',
148 verbose headers   age: '274',
148 verbose headers   'cache-control': 'public, max-age=300',
148 verbose headers   etag: '"310f6c2372c3bb870602d859d124f31d"',
148 verbose headers   'last-modified': 'Fri, 03 Mar 2023 16:13:46 GMT',
148 verbose headers   vary: 'Accept-Encoding',
148 verbose headers   'cf-cache-status': 'HIT',
148 verbose headers   'x-amz-replication-status': 'COMPLETED',
148 verbose headers   'x-amz-server-side-encryption': 'AES256',
148 verbose headers   server: 'cloudflare' }
149 silly get cb [ 304,
149 silly get   { date: 'Fri, 03 Mar 2023 17:01:56 GMT',
149 silly get     connection: 'keep-alive',
149 silly get     'cf-ray': '7a2371be9ebc6efb-BOM',
149 silly get     age: '274',
149 silly get     'cache-control': 'public, max-age=300',
149 silly get     etag: '"310f6c2372c3bb870602d859d124f31d"',
149 silly get     'last-modified': 'Fri, 03 Mar 2023 16:13:46 GMT',
149 silly get     vary: 'Accept-Encoding',
149 silly get     'cf-cache-status': 'HIT',
149 silly get     'x-amz-replication-status': 'COMPLETED',
149 silly get     'x-amz-server-side-encryption': 'AES256',
149 silly get     server: 'cloudflare' } ]
150 verbose etag https://registry.npmjs.org/react from cache
151 verbose get saving react to /home/ranjan/.npm/registry.npmjs.org/react/.cache.json
152 http 304 https://registry.npmjs.org/react-router-dom
153 verbose headers { date: 'Fri, 03 Mar 2023 17:01:56 GMT',
153 verbose headers   connection: 'keep-alive',
153 verbose headers   'cf-ray': '7a2371be9f768602-BOM',
153 verbose headers   age: '118',
153 verbose headers   'cache-control': 'public, max-age=300',
153 verbose headers   etag: '"ee8304ade0ea70cf8788b4b2fd935f79"',
153 verbose headers   'last-modified': 'Mon, 27 Feb 2023 20:25:00 GMT',
153 verbose headers   vary: 'Accept-Encoding',
153 verbose headers   'cf-cache-status': 'HIT',
153 verbose headers   'x-amz-replication-status': 'COMPLETED',
153 verbose headers   'x-amz-server-side-encryption': 'AES256',
153 verbose headers   server: 'cloudflare' }
154 silly get cb [ 304,
154 silly get   { date: 'Fri, 03 Mar 2023 17:01:56 GMT',
154 silly get     connection: 'keep-alive',
154 silly get     'cf-ray': '7a2371be9f768602-BOM',
154 silly get     age: '118',
154 silly get     'cache-control': 'public, max-age=300',
154 silly get     etag: '"ee8304ade0ea70cf8788b4b2fd935f79"',
154 silly get     'last-modified': 'Mon, 27 Feb 2023 20:25:00 GMT',
154 silly get     vary: 'Accept-Encoding',
154 silly get     'cf-cache-status': 'HIT',
154 silly get     'x-amz-replication-status': 'COMPLETED',
154 silly get     'x-amz-server-side-encryption': 'AES256',
154 silly get     server: 'cloudflare' } ]
155 verbose etag https://registry.npmjs.org/react-router-dom from cache
156 verbose get saving react-router-dom to /home/ranjan/.npm/registry.npmjs.org/react-router-dom/.cache.json
157 http 304 https://registry.npmjs.org/react-tilt
158 verbose headers { date: 'Fri, 03 Mar 2023 17:01:56 GMT',
158 verbose headers   connection: 'keep-alive',
158 verbose headers   'cf-ray': '7a2371be99e3854f-BOM',
158 verbose headers   age: '295',
158 verbose headers   'cache-control': 'public, max-age=300',
158 verbose headers   etag: '"cf881e6dfd91e339b7c9cf6b87a3c5a7"',
158 verbose headers   'last-modified': 'Sun, 26 Jun 2022 08:37:53 GMT',
158 verbose headers   vary: 'Accept-Encoding',
158 verbose headers   'cf-cache-status': 'HIT',
158 verbose headers   'x-amz-replication-status': 'COMPLETED',
158 verbose headers   server: 'cloudflare' }
159 silly get cb [ 304,
159 silly get   { date: 'Fri, 03 Mar 2023 17:01:56 GMT',
159 silly get     connection: 'keep-alive',
159 silly get     'cf-ray': '7a2371be99e3854f-BOM',
159 silly get     age: '295',
159 silly get     'cache-control': 'public, max-age=300',
159 silly get     etag: '"cf881e6dfd91e339b7c9cf6b87a3c5a7"',
159 silly get     'last-modified': 'Sun, 26 Jun 2022 08:37:53 GMT',
159 silly get     vary: 'Accept-Encoding',
159 silly get     'cf-cache-status': 'HIT',
159 silly get     'x-amz-replication-status': 'COMPLETED',
159 silly get     server: 'cloudflare' } ]
160 verbose etag https://registry.npmjs.org/react-tilt from cache
161 verbose get saving react-tilt to /home/ranjan/.npm/registry.npmjs.org/react-tilt/.cache.json
162 http 304 https://registry.npmjs.org/three
163 verbose headers { date: 'Fri, 03 Mar 2023 17:01:56 GMT',
163 verbose headers   connection: 'keep-alive',
163 verbose headers   'cf-ray': '7a2371be99c8f43d-BOM',
163 verbose headers   age: '200',
163 verbose headers   'cache-control': 'public, max-age=300',
163 verbose headers   etag: '"b3915b0d001a70e3e3a36922b421d6c4"',
163 verbose headers   'last-modified': 'Mon, 27 Feb 2023 07:05:27 GMT',
163 verbose headers   vary: 'Accept-Encoding',
163 verbose headers   'cf-cache-status': 'HIT',
163 verbose headers   'x-amz-replication-status': 'COMPLETED',
163 verbose headers   'x-amz-server-side-encryption': 'AES256',
163 verbose headers   server: 'cloudflare' }
164 silly get cb [ 304,
164 silly get   { date: 'Fri, 03 Mar 2023 17:01:56 GMT',
164 silly get     connection: 'keep-alive',
164 silly get     'cf-ray': '7a2371be99c8f43d-BOM',
164 silly get     age: '200',
164 silly get     'cache-control': 'public, max-age=300',
164 silly get     etag: '"b3915b0d001a70e3e3a36922b421d6c4"',
164 silly get     'last-modified': 'Mon, 27 Feb 2023 07:05:27 GMT',
164 silly get     vary: 'Accept-Encoding',
164 silly get     'cf-cache-status': 'HIT',
164 silly get     'x-amz-replication-status': 'COMPLETED',
164 silly get     'x-amz-server-side-encryption': 'AES256',
164 silly get     server: 'cloudflare' } ]
165 verbose etag https://registry.npmjs.org/three from cache
166 verbose get saving three to /home/ranjan/.npm/registry.npmjs.org/three/.cache.json
167 http 304 https://registry.npmjs.org/framer-motion
168 verbose headers { date: 'Fri, 03 Mar 2023 17:01:56 GMT',
168 verbose headers   connection: 'keep-alive',
168 verbose headers   'cf-ray': '7a2371be9b006eda-BOM',
168 verbose headers   age: '13',
168 verbose headers   'cache-control': 'public, max-age=300',
168 verbose headers   etag: '"0987d38a1b905a68fb61919022c3c046"',
168 verbose headers   'last-modified': 'Tue, 28 Feb 2023 11:17:38 GMT',
168 verbose headers   vary: 'Accept-Encoding',
168 verbose headers   'cf-cache-status': 'HIT',
168 verbose headers   'x-amz-replication-status': 'COMPLETED',
168 verbose headers   'x-amz-server-side-encryption': 'AES256',
168 verbose headers   server: 'cloudflare' }
169 silly get cb [ 304,
169 silly get   { date: 'Fri, 03 Mar 2023 17:01:56 GMT',
169 silly get     connection: 'keep-alive',
169 silly get     'cf-ray': '7a2371be9b006eda-BOM',
169 silly get     age: '13',
169 silly get     'cache-control': 'public, max-age=300',
169 silly get     etag: '"0987d38a1b905a68fb61919022c3c046"',
169 silly get     'last-modified': 'Tue, 28 Feb 2023 11:17:38 GMT',
169 silly get     vary: 'Accept-Encoding',
169 silly get     'cf-cache-status': 'HIT',
169 silly get     'x-amz-replication-status': 'COMPLETED',
169 silly get     'x-amz-server-side-encryption': 'AES256',
169 silly get     server: 'cloudflare' } ]
170 verbose etag https://registry.npmjs.org/framer-motion from cache
171 verbose get saving framer-motion to /home/ranjan/.npm/registry.npmjs.org/framer-motion/.cache.json
172 silly resolveWithNewModule react-router-dom@6.8.2 checking installable status
173 silly cache add args [ 'react-router-dom@^6.8.1', null ]
174 verbose cache add spec react-router-dom@^6.8.1
175 silly cache add parsed spec Result {
175 silly cache add   raw: 'react-router-dom@^6.8.1',
175 silly cache add   scope: null,
175 silly cache add   name: 'react-router-dom',
175 silly cache add   rawSpec: '^6.8.1',
175 silly cache add   spec: '>=6.8.1 <7.0.0',
175 silly cache add   type: 'range' }
176 silly addNamed react-router-dom@>=6.8.1 <7.0.0
177 verbose addNamed ">=6.8.1 <7.0.0" is a valid semver range for react-router-dom
178 silly addNameRange { name: 'react-router-dom',
178 silly addNameRange   range: '>=6.8.1 <7.0.0',
178 silly addNameRange   hasData: false }
179 silly mapToRegistry name react-router-dom
180 silly mapToRegistry using default registry
181 silly mapToRegistry registry https://registry.npmjs.org/
182 silly mapToRegistry uri https://registry.npmjs.org/react-router-dom
183 verbose addNameRange registry:https://registry.npmjs.org/react-router-dom not in flight; fetching
184 silly resolveWithNewModule react-tilt@0.1.4 checking installable status
185 silly cache add args [ 'react-tilt@^0.1.4', null ]
186 verbose cache add spec react-tilt@^0.1.4
187 silly cache add parsed spec Result {
187 silly cache add   raw: 'react-tilt@^0.1.4',
187 silly cache add   scope: null,
187 silly cache add   name: 'react-tilt',
187 silly cache add   rawSpec: '^0.1.4',
187 silly cache add   spec: '>=0.1.4 <0.2.0',
187 silly cache add   type: 'range' }
188 silly addNamed react-tilt@>=0.1.4 <0.2.0
189 verbose addNamed ">=0.1.4 <0.2.0" is a valid semver range for react-tilt
190 silly addNameRange { name: 'react-tilt', range: '>=0.1.4 <0.2.0', hasData: false }
191 silly mapToRegistry name react-tilt
192 silly mapToRegistry using default registry
193 silly mapToRegistry registry https://registry.npmjs.org/
194 silly mapToRegistry uri https://registry.npmjs.org/react-tilt
195 verbose addNameRange registry:https://registry.npmjs.org/react-tilt not in flight; fetching
196 verbose stack Error: Missing required argument #1
196 verbose stack     at andLogAndFinish (/usr/share/npm/lib/fetch-package-metadata.js:31:3)
196 verbose stack     at fetchPackageMetadata (/usr/share/npm/lib/fetch-package-metadata.js:51:22)
196 verbose stack     at resolveWithNewModule (/usr/share/npm/lib/install/deps.js:456:12)
196 verbose stack     at /usr/share/npm/lib/install/deps.js:457:7
196 verbose stack     at /usr/share/npm/node_modules/iferr/index.js:13:50
196 verbose stack     at /usr/share/npm/lib/fetch-package-metadata.js:37:12
196 verbose stack     at addRequestedAndFinish (/usr/share/npm/lib/fetch-package-metadata.js:82:5)
196 verbose stack     at returnAndAddMetadata (/usr/share/npm/lib/fetch-package-metadata.js:117:7)
196 verbose stack     at pickVersionFromRegistryDocument (/usr/share/npm/lib/fetch-package-metadata.js:134:20)
196 verbose stack     at /usr/share/npm/node_modules/iferr/index.js:13:50
197 verbose cwd /home/ranjan/portfolio/project_3D_developer_portfolio
198 error Linux 4.15.0-204-generic
199 error argv "/usr/bin/node" "/usr/bin/npm" "install"
200 error node v8.10.0
201 error npm  v3.5.2
202 error code EMISSINGARG
203 error typeerror Error: Missing required argument #1
203 error typeerror     at andLogAndFinish (/usr/share/npm/lib/fetch-package-metadata.js:31:3)
203 error typeerror     at fetchPackageMetadata (/usr/share/npm/lib/fetch-package-metadata.js:51:22)
203 error typeerror     at resolveWithNewModule (/usr/share/npm/lib/install/deps.js:456:12)
203 error typeerror     at /usr/share/npm/lib/install/deps.js:457:7
203 error typeerror     at /usr/share/npm/node_modules/iferr/index.js:13:50
203 error typeerror     at /usr/share/npm/lib/fetch-package-metadata.js:37:12
203 error typeerror     at addRequestedAndFinish (/usr/share/npm/lib/fetch-package-metadata.js:82:5)
203 error typeerror     at returnAndAddMetadata (/usr/share/npm/lib/fetch-package-metadata.js:117:7)
203 error typeerror     at pickVersionFromRegistryDocument (/usr/share/npm/lib/fetch-package-metadata.js:134:20)
203 error typeerror     at /usr/share/npm/node_modules/iferr/index.js:13:50
204 error typeerror This is an error with npm itself. Please report this error at:
204 error typeerror     <http://github.com/npm/npm/issues>
205 verbose exit [ 1, true ]
